0 verbose cli C:\nvm4w\nodejs\node.exe C:\nvm4w\nodejs\node_modules\npm\bin\npm-cli.js
1 info using npm@10.9.4
2 info using node@v22.21.0
3 silly config load:file:C:\Users\andri\AppData\Local\nvm\v22.21.0\node_modules\npm\npmrc
4 silly config load:file:C:\Users\andri\.npmrc
5 silly config load:file:C:\nvm4w\nodejs\etc\npmrc
6 verbose title npm install npm@latest
7 verbose argv "install" "--global" "npm@latest"
8 verbose logfile logs-max:10 dir:C:\Abogados\alpha_project\.npm-cache\_logs\2025-12-01T17_22_33_301Z-
9 verbose logfile C:\Abogados\alpha_project\.npm-cache\_logs\2025-12-01T17_22_33_301Z-debug-0.log
10 silly logfile done cleaning log files
11 http fetch GET 200 https://registry.npmjs.org/npm 320ms (cache miss)
12 silly packumentCache heap:4345298944 maxSize:1086324736 maxEntrySize:543162368
13 silly packumentCache corgi:https://registry.npmjs.org/npm cache-miss
14 http cache https://registry.npmjs.org/npm 13ms (cache hit)
15 silly packumentCache corgi:https://registry.npmjs.org/npm set size:2331849 disposed:false
16 silly idealTree buildDeps
17 silly fetch manifest npm@11.6.4
18 silly packumentCache full:https://registry.npmjs.org/npm cache-miss
19 http fetch GET 200 https://registry.npmjs.org/npm 2063ms (cache miss)
20 silly packumentCache full:https://registry.npmjs.org/npm set size:undefined disposed:false
21 silly placeDep ROOT npm@11.6.4 OK for:  want: 11.6.4
22 silly reify mark retired [
22 silly reify   'C:\\Users\\andri\\AppData\\Local\\nvm\\v22.21.0\\node_modules\\npm',
22 silly reify   'C:\\Users\\andri\\AppData\\Local\\nvm\\v22.21.0\\npm',
22 silly reify   'C:\\Users\\andri\\AppData\\Local\\nvm\\v22.21.0\\npm.cmd',
22 silly reify   'C:\\Users\\andri\\AppData\\Local\\nvm\\v22.21.0\\npm.ps1',
22 silly reify   'C:\\Users\\andri\\AppData\\Local\\nvm\\v22.21.0\\npx',
22 silly reify   'C:\\Users\\andri\\AppData\\Local\\nvm\\v22.21.0\\npx.cmd',
22 silly reify   'C:\\Users\\andri\\AppData\\Local\\nvm\\v22.21.0\\npx.ps1'
22 silly reify ]
23 silly reify moves {
23 silly reify   'C:\\Users\\andri\\AppData\\Local\\nvm\\v22.21.0\\node_modules\\npm': 'C:\\Users\\andri\\AppData\\Local\\nvm\\v22.21.0\\node_modules\\.npm-PFEWqXKp',
23 silly reify   'C:\\Users\\andri\\AppData\\Local\\nvm\\v22.21.0\\npm': 'C:\\Users\\andri\\AppData\\Local\\nvm\\v22.21.0\\.npm-rUYRykHZ',
23 silly reify   'C:\\Users\\andri\\AppData\\Local\\nvm\\v22.21.0\\npm.cmd': 'C:\\Users\\andri\\AppData\\Local\\nvm\\v22.21.0\\.npm.cmd-UGMkiYOa',
23 silly reify   'C:\\Users\\andri\\AppData\\Local\\nvm\\v22.21.0\\npm.ps1': 'C:\\Users\\andri\\AppData\\Local\\nvm\\v22.21.0\\.npm.ps1-rG0eBh2e',
23 silly reify   'C:\\Users\\andri\\AppData\\Local\\nvm\\v22.21.0\\npx': 'C:\\Users\\andri\\AppData\\Local\\nvm\\v22.21.0\\.npx-AZnDPCY7',
23 silly reify   'C:\\Users\\andri\\AppData\\Local\\nvm\\v22.21.0\\npx.cmd': 'C:\\Users\\andri\\AppData\\Local\\nvm\\v22.21.0\\.npx.cmd-kVoC6RI2',
23 silly reify   'C:\\Users\\andri\\AppData\\Local\\nvm\\v22.21.0\\npx.ps1': 'C:\\Users\\andri\\AppData\\Local\\nvm\\v22.21.0\\.npx.ps1-ubICiCNJ'
23 silly reify }
24 http cache npm@https://registry.npmjs.org/npm/-/npm-11.6.4.tgz 0ms (cache hit)
25 silly tarball no local data for npm@https://registry.npmjs.org/npm/-/npm-11.6.4.tgz. Extracting by manifest.
26 http fetch GET 200 https://registry.npmjs.org/npm/-/npm-11.6.4.tgz 1604ms (cache miss)
27 silly CHANGE node_modules/npm
28 silly CHANGE node_modules/npm/node_modules/@npmcli/redact
29 silly REMOVE node_modules/npm/node_modules/@pkgjs/parseargs
30 silly CHANGE node_modules/npm/node_modules/@npmcli/package-json
31 silly CHANGE node_modules/npm/node_modules/@npmcli/promise-spawn
32 silly CHANGE node_modules/npm/node_modules/@sigstore/protobuf-specs
33 silly CHANGE node_modules/npm/node_modules/@sigstore/tuf
34 silly CHANGE node_modules/npm/node_modules/@npmcli/run-script
35 silly CHANGE node_modules/npm/node_modules/@npmcli/name-from-folder
36 silly CHANGE node_modules/npm/node_modules/@npmcli/query
37 silly CHANGE node_modules/npm/node_modules/@npmcli/node-gyp
38 silly REMOVE node_modules/npm/node_modules/sprintf-js
39 silly CHANGE node_modules/npm/node_modules/@npmcli/metavuln-calculator
40 silly REMOVE node_modules/npm/node_modules/@npmcli/metavuln-calculator/node_modules/pacote
41 silly CHANGE node_modules/npm/node_modules/@npmcli/map-workspaces
42 silly CHANGE node_modules/npm/node_modules/@npmcli/installed-package-contents
43 silly CHANGE node_modules/npm/node_modules/@npmcli/git
44 silly CHANGE node_modules/npm/node_modules/@npmcli/arborist
45 silly CHANGE node_modules/npm/node_modules/@npmcli/config
46 silly CHANGE node_modules/npm/node_modules/@npmcli/fs
47 silly REMOVE node_modules/npm/node_modules/@isaacs/cliui
48 silly REMOVE node_modules/npm/node_modules/@isaacs/cliui/node_modules/ansi-regex
49 silly REMOVE node_modules/npm/node_modules/@isaacs/cliui/node_modules/strip-ansi
50 silly REMOVE node_modules/npm/node_modules/@isaacs/cliui/node_modules/string-width
51 silly REMOVE node_modules/npm/node_modules/@isaacs/cliui/node_modules/emoji-regex
52 silly REMOVE node_modules/npm/node_modules/wrap-ansi-cjs
53 silly REMOVE node_modules/npm/node_modules/wrap-ansi-cjs/node_modules/ansi-styles
54 silly CHANGE node_modules/npm/node_modules/@npmcli/agent
55 silly REMOVE node_modules/npm/node_modules/wrap-ansi
56 silly REMOVE node_modules/npm/node_modules/wrap-ansi/node_modules/strip-ansi
57 silly REMOVE node_modules/npm/node_modules/wrap-ansi/node_modules/string-width
58 silly REMOVE node_modules/npm/node_modules/wrap-ansi/node_modules/ansi-regex
59 silly REMOVE node_modules/npm/node_modules/wrap-ansi/node_modules/emoji-regex
60 silly CHANGE node_modules/npm/node_modules/write-file-atomic
61 silly CHANGE node_modules/npm/node_modules/which
62 silly REMOVE node_modules/npm/node_modules/which/node_modules/isexe
63 silly CHANGE node_modules/npm/node_modules/walk-up-path
64 silly CHANGE node_modules/npm/node_modules/validate-npm-package-name
65 silly CHANGE node_modules/npm/node_modules/unique-slug
66 silly CHANGE node_modules/npm/node_modules/tinyglobby
67 silly CHANGE node_modules/npm/node_modules/tinyglobby/node_modules/fdir
68 silly CHANGE node_modules/npm/node_modules/tinyglobby/node_modules/picomatch
69 silly CHANGE node_modules/npm/node_modules/unique-filename
70 silly CHANGE node_modules/npm/node_modules/tiny-relative-date
71 silly CHANGE node_modules/npm/node_modules/tuf-js
72 silly REMOVE node_modules/npm/node_modules/tuf-js/node_modules/@tufjs/models
73 silly CHANGE node_modules/npm/node_modules/tar
74 silly REMOVE node_modules/npm/node_modules/tar/node_modules/minizlib
75 silly REMOVE node_modules/npm/node_modules/tar/node_modules/minizlib/node_modules/minipass
76 silly REMOVE node_modules/npm/node_modules/tar/node_modules/minipass
77 silly REMOVE node_modules/npm/node_modules/tar/node_modules/fs-minipass
78 silly REMOVE node_modules/npm/node_modules/tar/node_modules/fs-minipass/node_modules/minipass
79 silly CHANGE node_modules/npm/node_modules/supports-color
80 silly REMOVE node_modules/npm/node_modules/strip-ansi-cjs
81 silly REMOVE node_modules/npm/node_modules/string-width-cjs
82 silly CHANGE node_modules/npm/node_modules/spdx-license-ids
83 silly CHANGE node_modules/npm/node_modules/ssri
84 silly REMOVE node_modules/npm/node_modules/shebang-command
85 silly REMOVE node_modules/npm/node_modules/shebang-regex
86 silly CHANGE node_modules/npm/node_modules/socks
87 silly CHANGE node_modules/npm/node_modules/sigstore
88 silly REMOVE node_modules/npm/node_modules/sigstore/node_modules/@sigstore/core
89 silly REMOVE node_modules/npm/node_modules/sigstore/node_modules/@sigstore/sign
90 silly REMOVE node_modules/npm/node_modules/sigstore/node_modules/@sigstore/verify
91 silly REMOVE node_modules/npm/node_modules/sigstore/node_modules/@sigstore/bundle
92 silly CHANGE node_modules/npm/node_modules/semver
93 silly CHANGE node_modules/npm/node_modules/read
94 silly CHANGE node_modules/npm/node_modules/promzard
95 silly CHANGE node_modules/npm/node_modules/qrcode-terminal
96 silly REMOVE node_modules/npm/node_modules/read-package-json-fast
97 silly CHANGE node_modules/npm/node_modules/read-cmd-shim
98 silly CHANGE node_modules/npm/node_modules/proggy
99 silly REMOVE node_modules/npm/node_modules/path-key
100 silly CHANGE node_modules/npm/node_modules/proc-log
101 silly CHANGE node_modules/npm/node_modules/p-map
102 silly REMOVE node_modules/npm/node_modules/package-json-from-dist
103 silly CHANGE node_modules/npm/node_modules/path-scurry
104 silly CHANGE node_modules/npm/node_modules/parse-conflict-json
105 silly CHANGE node_modules/npm/node_modules/npm-user-validate
106 silly CHANGE node_modules/npm/node_modules/npm-profile
107 silly CHANGE node_modules/npm/node_modules/pacote
108 silly CHANGE node_modules/npm/node_modules/npm-registry-fetch
109 silly CHANGE node_modules/npm/node_modules/npm-pick-manifest
110 silly CHANGE node_modules/npm/node_modules/npm-packlist
111 silly CHANGE node_modules/npm/node_modules/npm-package-arg
112 silly REMOVE node_modules/npm/node_modules/normalize-package-data
113 silly CHANGE node_modules/npm/node_modules/npm-normalize-package-bin
114 silly CHANGE node_modules/npm/node_modules/npm-install-checks
115 silly CHANGE node_modules/npm/node_modules/npm-bundled
116 silly CHANGE node_modules/npm/node_modules/npm-audit-report
117 silly CHANGE node_modules/npm/node_modules/node-gyp
118 silly REMOVE node_modules/npm/node_modules/node-gyp/node_modules/yallist
119 silly REMOVE node_modules/npm/node_modules/node-gyp/node_modules/tar
120 silly REMOVE node_modules/npm/node_modules/node-gyp/node_modules/mkdirp
121 silly REMOVE node_modules/npm/node_modules/node-gyp/node_modules/chownr
122 silly CHANGE node_modules/npm/node_modules/mute-stream
123 silly CHANGE node_modules/npm/node_modules/nopt
124 silly REMOVE node_modules/npm/node_modules/mkdirp
125 silly CHANGE node_modules/npm/node_modules/minizlib
126 silly CHANGE node_modules/npm/node_modules/libnpmversion
127 silly CHANGE node_modules/npm/node_modules/minipass-fetch
128 silly CHANGE node_modules/npm/node_modules/libnpmsearch
129 silly CHANGE node_modules/npm/node_modules/minimatch
130 silly CHANGE node_modules/npm/node_modules/libnpmteam
131 silly CHANGE node_modules/npm/node_modules/make-fetch-happen
132 silly REMOVE node_modules/npm/node_modules/make-fetch-happen/node_modules/negotiator
133 silly CHANGE node_modules/npm/node_modules/lru-cache
134 silly CHANGE node_modules/npm/node_modules/libnpmpack
135 silly CHANGE node_modules/npm/node_modules/libnpmpublish
136 silly CHANGE node_modules/npm/node_modules/libnpmorg
137 silly REMOVE node_modules/npm/node_modules/libnpmhook
138 silly CHANGE node_modules/npm/node_modules/libnpmfund
139 silly CHANGE node_modules/npm/node_modules/libnpmexec
140 silly CHANGE node_modules/npm/node_modules/libnpmaccess
141 silly CHANGE node_modules/npm/node_modules/libnpmdiff
142 silly REMOVE node_modules/npm/node_modules/jackspeak
143 silly CHANGE node_modules/npm/node_modules/isexe
144 silly CHANGE node_modules/npm/node_modules/json-parse-even-better-errors
145 silly REMOVE node_modules/npm/node_modules/jsbn
146 silly CHANGE node_modules/npm/node_modules/is-cidr
147 silly CHANGE node_modules/npm/node_modules/init-package-json
148 silly CHANGE node_modules/npm/node_modules/ignore-walk
149 silly CHANGE node_modules/npm/node_modules/ip-address
150 silly CHANGE node_modules/npm/node_modules/ini
151 silly CHANGE node_modules/npm/node_modules/hosted-git-info
152 silly CHANGE node_modules/npm/node_modules/glob
153 silly REMOVE node_modules/npm/node_modules/foreground-child
154 silly CHANGE node_modules/npm/node_modules/exponential-backoff
155 silly REMOVE node_modules/npm/node_modules/eastasianwidth
156 silly CHANGE node_modules/npm/node_modules/diff
157 silly CHANGE node_modules/npm/node_modules/cidr-regex
158 silly REMOVE node_modules/npm/node_modules/cross-spawn
159 silly REMOVE node_modules/npm/node_modules/cross-spawn/node_modules/which
160 silly CHANGE node_modules/npm/node_modules/debug
161 silly CHANGE node_modules/npm/node_modules/cssesc
162 silly REMOVE node_modules/npm/node_modules/color-name
163 silly REMOVE node_modules/npm/node_modules/color-convert
164 silly CHANGE node_modules/npm/node_modules/binary-extensions
165 silly CHANGE node_modules/npm/node_modules/bin-links
166 silly CHANGE node_modules/npm/node_modules/cmd-shim
167 silly CHANGE node_modules/npm/node_modules/ci-info
168 silly CHANGE node_modules/npm/node_modules/chownr
169 silly CHANGE node_modules/npm/node_modules/cacache
170 silly REMOVE node_modules/npm/node_modules/cacache/node_modules/chownr
171 silly REMOVE node_modules/npm/node_modules/cacache/node_modules/mkdirp
172 silly REMOVE node_modules/npm/node_modules/cacache/node_modules/tar
173 silly REMOVE node_modules/npm/node_modules/cacache/node_modules/yallist
174 silly CHANGE node_modules/npm/node_modules/chalk
175 silly CHANGE node_modules/npm/node_modules/aproba
176 silly REMOVE node_modules/npm/node_modules/ansi-styles
177 silly CHANGE node_modules/npm/node_modules/agent-base
178 silly CHANGE node_modules/npm/node_modules/abbrev
179 verbose cwd C:\Abogados\alpha_project
180 verbose os Windows_NT 10.0.26200
181 verbose node v22.21.0
182 verbose npm  v10.9.4
183 verbose exit 0
184 info ok
